<?xml version="1.0"?><coverage lines-covered="5766" lines-valid="8811" line-rate="0.6544092611508342" branches-covered="0" branches-valid="0" branch-rate="0" complexity="0" version="1.9" timestamp="1771765308"><sources><source>/home/user/Projects/kubarr/code/backend</source></sources><packages><package name="src/services" line-rate="0.47493131868131866" branch-rate="0" complexity="0"><classes><class name="audit" filename="src/services/audit.rs" line-rate="0.9841269841269841" branch-rate="0" complexity="0"><methods/><lines><line number="20" hits="76"/><line number="21" hits="49"/><line number="24" hits="213"/><line number="25" hits="59"/><line number="30" hits="2"/><line number="43" hits="4"/><line number="44" hits="4"/><line number="45" hits="2"/><line number="47" hits="0"/><line number="48" hits="0"/><line number="52" hits="2"/><line number="53" hits="6"/><line number="56" hits="2"/><line number="57" hits="2"/><line number="58" hits="2"/><line number="59" hits="4"/><line number="60" hits="4"/><line number="61" hits="2"/><line number="62" hits="2"/><line number="63" hits="2"/><line number="64" hits="2"/><line number="65" hits="2"/><line number="66" hits="2"/><line number="70" hits="4"/><line number="71" hits="2"/><line number="76" hits="1"/><line number="87" hits="5"/><line number="97" hits="1"/><line number="99" hits="4"/><line number="104" hits="1"/><line number="116" hits="3"/><line number="119" hits="1"/><line number="121" hits="1"/><line number="122" hits="1"/><line number="123" hits="1"/><line number="124" hits="1"/><line number="126" hits="2"/><line number="128" hits="4"/><line number="157" hits="31"/><line number="158" hits="13"/><line number="159" hits="7"/><line number="160" hits="8"/><line number="162" hits="7"/><line number="165" hits="9"/><line number="166" hits="1"/><line number="169" hits="8"/><line number="170" hits="1"/><line number="173" hits="10"/><line number="174" hits="1"/><line number="177" hits="7"/><line number="178" hits="1"/><line number="181" hits="9"/><line number="182" hits="1"/><line number="185" hits="6"/><line number="186" hits="1"/><line number="189" hits="6"/><line number="190" hits="4"/><line number="191" hits="7"/><line number="192" hits="7"/><line number="193" hits="4"/><line number="194" hits="2"/><line number="195" hits="6"/><line number="196" hits="2"/><line number="201" hits="14"/><line number="204" hits="17"/><line number="205" hits="6"/><line number="206" hits="5"/><line number="207" hits="6"/><line number="208" hits="5"/><line number="209" hits="25"/><line number="211" hits="15"/><line number="213" hits="12"/><line number="214" hits="11"/><line number="215" hits="4"/><line number="216" hits="11"/><line number="217" hits="8"/><line number="240" hits="20"/><line number="243" hits="6"/><line number="245" hits="10"/><line number="246" hits="4"/><line number="247" hits="2"/><line number="248" hits="8"/><line number="250" hits="10"/><line number="251" hits="4"/><line number="252" hits="2"/><line number="253" hits="8"/><line number="255" hits="2"/><line number="256" hits="2"/><line number="257" hits="2"/><line number="260" hits="10"/><line number="261" hits="4"/><line number="262" hits="2"/><line number="263" hits="8"/><line number="265" hits="2"/><line number="266" hits="10"/><line number="267" hits="4"/><line number="268" hits="2"/><line number="269" hits="8"/><line number="272" hits="10"/><line number="273" hits="4"/><line number="274" hits="2"/><line number="276" hits="2"/><line number="277" hits="8"/><line number="281" hits="6"/><line number="283" hits="2"/><line number="285" hits="6"/><line number="286" hits="2"/><line number="289" hits="2"/><line number="291" hits="4"/><line number="293" hits="6"/><line number="294" hits="2"/><line number="296" hits="2"/><line number="297" hits="2"/><line number="298" hits="2"/><line number="299" hits="2"/><line number="300" hits="2"/><line number="301" hits="2"/><line number="302" hits="2"/><line number="303" hits="2"/><line number="308" hits="4"/><line number="309" hits="2"/><line number="311" hits="5"/><line number="312" hits="2"/><line number="313" hits="1"/><line number="314" hits="4"/><line number="316" hits="1"/></lines></class><class name="bootstrap" filename="src/services/bootstrap.rs" line-rate="0.29411764705882354" branch-rate="0" complexity="0"><methods/><lines><line number="78" hits="18"/><line number="85" hits="20"/><line number="87" hits="75"/><line number="88" hits="19"/><line number="89" hits="17"/><line number="90" hits="19"/><line number="91" hits="38"/><line number="92" hits="17"/><line number="101" hits="37"/><line number="109" hits="52"/><line number="111" hits="21"/><line number="112" hits="43"/><line number="113" hits="50"/><line number="114" hits="38"/><line number="115" hits="3"/><line number="116" hits="3"/><line number="117" hits="5"/><line number="118" hits="3"/><line number="119" hits="2"/><line number="120" hits="3"/><line number="121" hits="2"/><line number="122" hits="4"/><line number="124" hits="3"/><line number="127" hits="15"/><line number="130" hits="14"/><line number="131" hits="26"/><line number="135" hits="32"/><line number="136" hits="22"/><line number="137" hits="6"/><line number="138" hits="35"/><line number="140" hits="0"/><line number="145" hits="70"/><line number="147" hits="28"/><line number="148" hits="28"/><line number="149" hits="56"/><line number="150" hits="34"/><line number="151" hits="2"/><line number="155" hits="12"/><line number="158" hits="12"/><line number="159" hits="24"/><line number="163" hits="1"/><line number="164" hits="3"/><line number="165" hits="2"/><line number="170" hits="1"/><line number="177" hits="2"/><line number="178" hits="4"/><line number="181" hits="3"/><line number="183" hits="2"/><line number="184" hits="2"/><line number="185" hits="2"/><line number="187" hits="2"/><line number="188" hits="0"/><line number="194" hits="1"/><line number="202" hits="5"/><line number="203" hits="2"/><line number="204" hits="1"/><line number="205" hits="4"/><line number="207" hits="1"/><line number="208" hits="0"/><line number="209" hits="0"/><line number="211" hits="0"/><line number="212" hits="0"/><line number="215" hits="0"/><line number="216" hits="0"/><line number="219" hits="0"/><line number="220" hits="0"/><line number="221" hits="0"/><line number="225" hits="0"/><line number="226" hits="0"/><line number="229" hits="0"/><line number="231" hits="1"/><line number="235" hits="0"/><line number="236" hits="0"/><line number="237" hits="0"/><line number="238" hits="0"/><line number="239" hits="0"/><line number="240" hits="0"/><line number="242" hits="0"/><line number="244" hits="0"/><line number="245" hits="0"/><line number="248" hits="0"/><line number="250" hits="0"/><line number="251" hits="0"/><line number="254" hits="0"/><line number="255" hits="0"/><line number="256" hits="0"/><line number="261" hits="0"/><line number="262" hits="0"/><line number="263" hits="0"/><line number="264" hits="0"/><line number="265" hits="0"/><line number="268" hits="0"/><line number="271" hits="0"/><line number="275" hits="0"/><line number="276" hits="0"/><line number="277" hits="0"/><line number="278" hits="0"/><line number="282" hits="0"/><line number="283" hits="0"/><line number="284" hits="0"/><line number="285" hits="0"/><line number="286" hits="0"/><line number="287" hits="0"/><line number="288" hits="0"/><line number="289" hits="0"/><line number="290" hits="0"/><line number="297" hits="0"/><line number="299" hits="0"/><line number="304" hits="4"/><line number="305" hits="3"/><line number="307" hits="2"/><line number="313" hits="2"/><line number="314" hits="2"/><line number="315" hits="1"/><line number="316" hits="1"/><line number="318" hits="2"/><line number="319" hits="1"/><line number="320" hits="1"/><line number="325" hits="3"/><line number="326" hits="1"/><line number="339" hits="3"/><line number="341" hits="0"/><line number="342" hits="0"/><line number="343" hits="0"/><line number="344" hits="0"/><line number="345" hits="0"/><line number="346" hits="0"/><line number="350" hits="0"/><line number="352" hits="0"/><line number="353" hits="0"/><line number="354" hits="0"/><line number="355" hits="0"/><line number="356" hits="0"/><line number="358" hits="0"/><line number="361" hits="0"/><line number="362" hits="0"/><line number="363" hits="0"/><line number="364" hits="0"/><line number="368" hits="0"/><line number="370" hits="0"/><line number="371" hits="0"/><line number="372" hits="0"/><line number="373" hits="0"/><line number="374" hits="0"/><line number="376" hits="0"/><line number="380" hits="0"/><line number="381" hits="0"/><line number="382" hits="0"/><line number="387" hits="0"/><line number="388" hits="0"/><line number="389" hits="0"/><line number="391" hits="0"/><line number="392" hits="0"/><line number="393" hits="0"/><line number="397" hits="0"/><line number="398" hits="0"/><line number="400" hits="0"/><line number="401" hits="0"/><line number="402" hits="0"/><line number="403" hits="0"/><line number="407" hits="0"/><line number="411" hits="0"/><line number="412" hits="0"/><line number="413" hits="0"/><line number="417" hits="0"/><line number="419" hits="0"/><line number="420" hits="0"/><line number="421" hits="0"/><line number="422" hits="0"/><line number="423" hits="0"/><line number="425" hits="0"/><line number="428" hits="0"/><line number="429" hits="0"/><line number="430" hits="0"/><line number="431" hits="0"/><line number="432" hits="0"/><line number="435" hits="0"/><line number="439" hits="0"/><line number="440" hits="0"/><line number="443" hits="0"/><line number="444" hits="0"/><line number="445" hits="0"/><line number="448" hits="0"/><line number="449" hits="0"/><line number="451" hits="0"/><line number="454" hits="0"/><line number="455" hits="0"/><line number="456" hits="0"/><line number="457" hits="0"/><line number="458" hits="0"/><line number="462" hits="0"/><line number="463" hits="0"/><line number="467" hits="0"/><line number="468" hits="0"/><line number="470" hits="0"/><line number="474" hits="0"/><line number="476" hits="0"/><line number="477" hits="0"/><line number="480" hits="0"/><line number="482" hits="0"/><line number="483" hits="0"/><line number="484" hits="0"/><line number="485" hits="0"/><line number="490" hits="0"/><line number="491" hits="0"/><line number="496" hits="4"/><line number="498" hits="2"/><line number="499" hits="3"/><line number="500" hits="0"/><line number="501" hits="0"/><line number="504" hits="0"/><line number="507" hits="0"/><line number="508" hits="0"/><line number="510" hits="0"/><line number="513" hits="0"/><line number="515" hits="0"/><line number="517" hits="0"/><line number="520" hits="0"/><line number="521" hits="0"/><line number="523" hits="0"/><line number="524" hits="0"/><line number="526" hits="0"/><line number="529" hits="0"/><line number="530" hits="0"/><line number="531" hits="0"/><line number="532" hits="0"/><line number="536" hits="0"/><line number="537" hits="0"/><line number="538" hits="0"/><line number="541" hits="0"/><line number="542" hits="0"/><line number="544" hits="0"/><line number="551" hits="0"/><line number="553" hits="0"/><line number="554" hits="0"/><line number="555" hits="0"/><line number="556" hits="0"/><line number="557" hits="0"/><line number="559" hits="0"/><line number="560" hits="0"/><line number="561" hits="0"/><line number="564" hits="0"/><line number="567" hits="0"/><line number="569" hits="0"/><line number="571" hits="0"/><line number="572" hits="0"/><line number="575" hits="0"/><line number="577" hits="0"/><line number="578" hits="0"/><line number="579" hits="0"/><line number="580" hits="0"/><line number="581" hits="0"/><line number="583" hits="0"/><line number="586" hits="0"/><line number="587" hits="0"/><line number="588" hits="0"/><line number="589" hits="0"/><line number="593" hits="0"/><line number="594" hits="0"/><line number="595" hits="0"/><line number="597" hits="0"/><line number="598" hits="0"/><line number="599" hits="0"/><line number="602" hits="0"/><line number="605" hits="0"/><line number="607" hits="0"/><line number="609" hits="0"/><line number="610" hits="0"/><line number="613" hits="0"/><line number="615" hits="0"/><line number="616" hits="0"/><line number="617" hits="0"/><line number="618" hits="0"/><line number="619" hits="0"/><line number="621" hits="0"/><line number="626" hits="0"/><line number="627" hits="0"/><line number="628" hits="0"/><line number="630" hits="0"/><line number="632" hits="0"/><line number="635" hits="0"/><line number="637" hits="0"/><line number="638" hits="0"/><line number="640" hits="0"/><line number="643" hits="0"/><line number="644" hits="0"/><line number="645" hits="0"/><line number="646" hits="0"/><line number="649" hits="0"/><line number="653" hits="0"/><line number="656" hits="0"/><line number="657" hits="0"/><line number="661" hits="0"/><line number="666" hits="0"/><line number="669" hits="0"/><line number="670" hits="0"/><line number="671" hits="0"/><line number="672" hits="0"/><line number="673" hits="0"/><line number="674" hits="0"/><line number="675" hits="0"/><line number="676" hits="0"/><line number="678" hits="0"/><line number="679" hits="0"/><line number="680" hits="0"/><line number="681" hits="0"/><line number="684" hits="0"/><line number="688" hits="0"/><line number="689" hits="0"/><line number="693" hits="0"/><line number="694" hits="0"/><line number="695" hits="0"/><line number="699" hits="0"/><line number="703" hits="5"/><line number="704" hits="4"/><line number="706" hits="3"/><line number="707" hits="4"/><line number="710" hits="2"/><line number="711" hits="2"/><line number="714" hits="2"/><line number="715" hits="2"/><line number="716" hits="3"/><line number="719" hits="1"/><line number="724" hits="4"/><line number="726" hits="1"/><line number="729" hits="3"/><line number="734" hits="3"/><line number="739" hits="3"/><line number="741" hits="9"/><line number="743" hits="6"/><line number="744" hits="1"/><line number="745" hits="2"/><line number="746" hits="1"/><line number="747" hits="2"/><line number="750" hits="6"/><line number="751" hits="6"/><line number="752" hits="3"/><line number="755" hits="6"/><line number="760" hits="22"/><line number="761" hits="17"/></lines></class><class name="cadvisor" filename="src/services/cadvisor.rs" line-rate="0.711864406779661" branch-rate="0" complexity="0"><methods/><lines><line number="44" hits="0"/><line number="48" hits="0"/><line number="49" hits="0"/><line number="50" hits="0"/><line number="51" hits="0"/><line number="52" hits="0"/><line number="53" hits="0"/><line number="57" hits="0"/><line number="59" hits="0"/><line number="60" hits="0"/><line number="61" hits="0"/><line number="65" hits="0"/><line number="66" hits="0"/><line number="67" hits="0"/><line number="69" hits="0"/><line number="70" hits="0"/><line number="78" hits="0"/><line number="83" hits="0"/><line number="87" hits="0"/><line number="89" hits="0"/><line number="90" hits="0"/><line number="93" hits="0"/><line number="95" hits="0"/><line number="99" hits="1"/><line number="101" hits="1"/><line number="104" hits="2"/><line number="106" hits="2"/><line number="111" hits="1"/><line number="112" hits="2"/><line number="113" hits="1"/><line number="114" hits="1"/><line number="115" hits="1"/><line number="118" hits="3"/><line number="119" hits="2"/><line number="120" hits="5"/><line number="121" hits="1"/><line number="122" hits="2"/><line number="123" hits="2"/><line number="124" hits="1"/><line number="128" hits="1"/><line number="129" hits="2"/><line number="130" hits="3"/><line number="131" hits="3"/><line number="132" hits="3"/><line number="133" hits="0"/><line number="134" hits="0"/><line number="135" hits="0"/><line number="136" hits="0"/><line number="142" hits="1"/><line number="156" hits="1"/><line number="158" hits="1"/><line number="159" hits="0"/><line number="163" hits="1"/><line number="164" hits="1"/><line number="167" hits="2"/><line number="168" hits="1"/><line number="169" hits="3"/><line number="170" hits="1"/><line number="171" hits="2"/><line number="172" hits="0"/><line number="173" hits="2"/><line number="174" hits="0"/><line number="175" hits="3"/><line number="176" hits="1"/><line number="177" hits="3"/><line number="178" hits="1"/><line number="179" hits="0"/><line number="180" hits="0"/><line number="181" hits="0"/><line number="184" hits="0"/><line number="188" hits="1"/><line number="189" hits="1"/><line number="191" hits="1"/><line number="192" hits="1"/><line number="193" hits="1"/><line number="195" hits="2"/><line number="196" hits="2"/><line number="197" hits="1"/><line number="198" hits="1"/><line number="200" hits="3"/><line number="201" hits="4"/><line number="202" hits="2"/><line number="209" hits="2"/><line number="210" hits="1"/><line number="215" hits="1"/><line number="216" hits="1"/><line number="219" hits="3"/><line number="220" hits="2"/><line number="222" hits="1"/><line number="225" hits="1"/><line number="226" hits="1"/><line number="227" hits="1"/><line number="228" hits="1"/><line number="229" hits="1"/><line number="230" hits="1"/><line number="235" hits="1"/><line number="238" hits="1"/><line number="239" hits="1"/><line number="241" hits="3"/><line number="244" hits="2"/><line number="246" hits="1"/><line number="248" hits="1"/><line number="249" hits="1"/><line number="250" hits="3"/><line number="251" hits="1"/><line number="252" hits="1"/><line number="255" hits="1"/><line number="256" hits="2"/><line number="257" hits="2"/><line number="258" hits="2"/><line number="259" hits="2"/><line number="260" hits="2"/><line number="261" hits="2"/><line number="262" hits="2"/><line number="266" hits="2"/><line number="267" hits="3"/><line number="268" hits="2"/><line number="272" hits="1"/></lines></class><class name="catalog" filename="src/services/catalog.rs" line-rate="0.976" branch-rate="0" complexity="0"><methods/><lines><line number="49" hits="99"/><line number="51" hits="98"/><line number="53" hits="93"/><line number="54" hits="94"/><line number="58" hits="36"/><line number="63" hits="113"/><line number="64" hits="90"/><line number="66" hits="161"/><line number="67" hits="371"/><line number="71" hits="12"/><line number="72" hits="18"/><line number="73" hits="6"/><line number="74" hits="12"/><line number="75" hits="24"/><line number="76" hits="12"/><line number="77" hits="6"/><line number="78" hits="12"/><line number="83" hits="0"/><line number="84" hits="0"/><line number="92" hits="6"/><line number="96" hits="6"/><line number="97" hits="6"/><line number="98" hits="6"/><line number="100" hits="12"/><line number="101" hits="0"/><line number="105" hits="12"/><line number="106" hits="12"/><line number="111" hits="17"/><line number="116" hits="12"/><line number="118" hits="12"/><line number="119" hits="6"/><line number="123" hits="18"/><line number="124" hits="12"/><line number="125" hits="12"/><line number="127" hits="6"/><line number="131" hits="6"/><line number="132" hits="6"/><line number="134" hits="6"/><line number="140" hits="6"/><line number="141" hits="12"/><line number="142" hits="6"/><line number="144" hits="18"/><line number="145" hits="6"/><line number="146" hits="6"/><line number="148" hits="18"/><line number="150" hits="6"/><line number="156" hits="6"/><line number="157" hits="6"/><line number="158" hits="6"/><line number="159" hits="18"/><line number="160" hits="6"/><line number="166" hits="6"/><line number="170" hits="6"/><line number="174" hits="6"/><line number="200" hits="6"/><line number="201" hits="24"/><line number="202" hits="12"/><line number="203" hits="6"/><line number="204" hits="6"/><line number="205" hits="6"/><line number="206" hits="18"/><line number="209" hits="6"/><line number="210" hits="6"/><line number="211" hits="6"/><line number="213" hits="12"/><line number="214" hits="18"/><line number="215" hits="12"/><line number="216" hits="6"/><line number="218" hits="12"/><line number="219" hits="18"/><line number="220" hits="6"/><line number="221" hits="6"/><line number="231" hits="18"/><line number="232" hits="12"/><line number="233" hits="6"/><line number="234" hits="18"/><line number="235" hits="6"/><line number="240" hits="6"/><line number="241" hits="6"/><line number="242" hits="6"/><line number="244" hits="18"/><line number="245" hits="6"/><line number="249" hits="12"/><line number="250" hits="18"/><line number="254" hits="6"/><line number="255" hits="12"/><line number="256" hits="18"/><line number="257" hits="18"/><line number="260" hits="6"/><line number="261" hits="6"/><line number="262" hits="18"/><line number="263" hits="18"/><line number="267" hits="6"/><line number="268" hits="6"/><line number="269" hits="6"/><line number="271" hits="18"/><line number="272" hits="18"/><line number="277" hits="18"/><line number="281" hits="6"/><line number="282" hits="6"/><line number="283" hits="6"/><line number="284" hits="6"/><line number="285" hits="6"/><line number="286" hits="6"/><line number="288" hits="6"/><line number="289" hits="6"/><line number="290" hits="6"/><line number="291" hits="6"/><line number="299" hits="12"/><line number="300" hits="13"/><line number="304" hits="15"/><line number="305" hits="15"/><line number="309" hits="10"/><line number="312" hits="29"/><line number="318" hits="11"/><line number="319" hits="11"/><line number="323" hits="11"/><line number="327" hits="32"/><line number="331" hits="22"/><line number="332" hits="14"/><line number="336" hits="8"/><line number="337" hits="9"/><line number="338" hits="11"/><line number="343" hits="108"/><line number="344" hits="103"/></lines></class><class name="chart_sync" filename="src/services/chart_sync.rs" line-rate="0.7560975609756098" branch-rate="0" complexity="0"><methods/><lines><line number="33" hits="89"/><line number="36" hits="148"/><line number="45" hits="4"/><line number="46" hits="3"/><line number="48" hits="2"/><line number="49" hits="0"/><line number="50" hits="0"/><line number="53" hits="1"/><line number="54" hits="2"/><line number="55" hits="2"/><line number="56" hits="0"/><line number="57" hits="1"/><line number="63" hits="1"/><line number="64" hits="2"/><line number="67" hits="2"/><line number="68" hits="1"/><line number="72" hits="5"/><line number="73" hits="2"/><line number="75" hits="2"/><line number="78" hits="3"/><line number="80" hits="3"/><line number="82" hits="1"/><line number="84" hits="3"/><line number="85" hits="3"/><line number="88" hits="3"/><line number="89" hits="1"/><line number="93" hits="1"/><line number="94" hits="1"/><line number="95" hits="2"/><line number="97" hits="2"/><line number="98" hits="2"/><line number="101" hits="1"/><line number="102" hits="2"/><line number="103" hits="2"/><line number="106" hits="0"/><line number="107" hits="0"/><line number="118" hits="0"/><line number="122" hits="0"/><line number="123" hits="0"/><line number="126" hits="0"/><line number="127" hits="0"/></lines></class><class name="cloudflare" filename="src/services/cloudflare.rs" line-rate="0.15723270440251572" branch-rate="0" complexity="0"><methods/><lines><line number="41" hits="1"/><line number="42" hits="2"/><line number="43" hits="2"/><line number="44" hits="1"/><line number="45" hits="1"/><line number="129" hits="1"/><line number="130" hits="1"/><line number="131" hits="2"/><line number="132" hits="0"/><line number="134" hits="3"/><line number="136" hits="1"/><line number="137" hits="0"/><line number="138" hits="0"/><line number="141" hits="0"/><line number="142" hits="0"/><line number="143" hits="0"/><line number="144" hits="0"/><line number="155" hits="5"/><line number="156" hits="6"/><line number="157" hits="1"/><line number="158" hits="2"/><line number="160" hits="4"/><line number="161" hits="1"/><line number="163" hits="5"/><line number="165" hits="4"/><line number="166" hits="1"/><line number="168" hits="3"/><line number="169" hits="0"/><line number="173" hits="0"/><line number="179" hits="0"/><line number="180" hits="0"/><line number="181" hits="0"/><line number="183" hits="0"/><line number="184" hits="0"/><line number="186" hits="0"/><line number="188" hits="0"/><line number="189" hits="0"/><line number="191" hits="0"/><line number="192" hits="0"/><line number="193" hits="0"/><line number="198" hits="0"/><line number="205" hits="0"/><line number="206" hits="0"/><line number="207" hits="0"/><line number="208" hits="0"/><line number="209" hits="0"/><line number="210" hits="0"/><line number="211" hits="0"/><line number="214" hits="0"/><line number="215" hits="0"/><line number="217" hits="0"/><line number="219" hits="0"/><line number="220" hits="0"/><line number="222" hits="0"/><line number="223" hits="0"/><line number="224" hits="0"/><line number="225" hits="0"/><line number="226" hits="0"/><line number="227" hits="0"/><line number="229" hits="0"/><line number="233" hits="0"/><line number="241" hits="0"/><line number="242" hits="0"/><line number="244" hits="0"/><line number="245" hits="0"/><line number="249" hits="0"/><line number="250" hits="0"/><line number="255" hits="0"/><line number="256" hits="0"/><line number="258" hits="0"/><line number="260" hits="0"/><line number="261" hits="0"/><line number="263" hits="0"/><line number="264" hits="0"/><line number="268" hits="0"/><line number="269" hits="0"/><line number="270" hits="0"/><line number="274" hits="0"/><line number="276" hits="0"/><line number="277" hits="0"/><line number="279" hits="0"/><line number="281" hits="0"/><line number="282" hits="0"/><line number="284" hits="0"/><line number="288" hits="0"/><line number="294" hits="0"/><line number="295" hits="0"/><line number="299" hits="0"/><line number="300" hits="0"/><line number="312" hits="0"/><line number="313" hits="0"/><line number="315" hits="0"/><line number="317" hits="0"/><line number="318" hits="0"/><line number="320" hits="0"/><line number="321" hits="0"/><line number="325" hits="0"/><line number="336" hits="0"/><line number="337" hits="0"/><line number="338" hits="0"/><line number="339" hits="0"/><line number="342" hits="0"/><line number="347" hits="0"/><line number="348" hits="0"/><line number="350" hits="0"/><line number="352" hits="0"/><line number="353" hits="0"/><line number="355" hits="0"/><line number="359" hits="0"/><line number="360" hits="0"/><line number="361" hits="0"/><line number="365" hits="0"/><line number="366" hits="0"/><line number="368" hits="0"/><line number="369" hits="0"/><line number="371" hits="0"/><line number="373" hits="0"/><line number="374" hits="0"/><line number="376" hits="0"/><line number="377" hits="0"/><line number="381" hits="0"/><line number="382" hits="0"/><line number="383" hits="0"/><line number="387" hits="0"/><line number="389" hits="0"/><line number="390" hits="0"/><line number="392" hits="0"/><line number="394" hits="0"/><line number="395" hits="0"/><line number="397" hits="0"/><line number="398" hits="0"/><line number="406" hits="4"/><line number="407" hits="4"/><line number="408" hits="0"/><line number="409" hits="0"/><line number="410" hits="0"/><line number="414" hits="6"/><line number="415" hits="4"/><line number="416" hits="3"/><line number="428" hits="0"/><line number="433" hits="0"/><line number="436" hits="0"/><line number="437" hits="0"/><line number="438" hits="0"/><line number="439" hits="0"/><line number="440" hits="0"/><line number="441" hits="0"/><line number="442" hits="0"/><line number="443" hits="0"/><line number="444" hits="0"/><line number="445" hits="0"/><line number="446" hits="0"/><line number="448" hits="0"/><line number="449" hits="0"/><line number="450" hits="0"/><line number="451" hits="0"/><line number="452" hits="0"/><line number="455" hits="0"/><line number="456" hits="0"/><line number="457" hits="0"/><line number="458" hits="0"/><line number="459" hits="0"/><line number="460" hits="0"/><line number="461" hits="0"/><line number="462" hits="0"/><line number="463" hits="0"/><line number="464" hits="0"/><line number="465" hits="0"/><line number="468" hits="0"/><line number="472" hits="0"/><line number="473" hits="0"/><line number="474" hits="0"/><line number="475" hits="0"/><line number="476" hits="0"/><line number="477" hits="0"/><line number="479" hits="0"/><line number="481" hits="0"/><line number="483" hits="0"/><line number="484" hits="0"/><line number="485" hits="0"/><line number="487" hits="0"/><line number="488" hits="0"/><line number="489" hits="0"/><line number="490" hits="0"/><line number="491" hits="0"/><line number="492" hits="0"/><line number="497" hits="0"/><line number="498" hits="0"/><line number="499" hits="0"/><line number="500" hits="0"/><line number="501" hits="0"/><line number="502" hits="0"/><line number="503" hits="0"/><line number="506" hits="0"/><line number="509" hits="0"/><line number="510" hits="0"/><line number="511" hits="0"/><line number="512" hits="0"/><line number="513" hits="0"/><line number="514" hits="0"/><line number="523" hits="0"/><line number="529" hits="0"/><line number="531" hits="0"/><line number="532" hits="0"/><line number="533" hits="0"/><line number="534" hits="0"/><line number="535" hits="0"/><line number="536" hits="0"/><line number="540" hits="0"/><line number="541" hits="0"/><line number="542" hits="0"/><line number="543" hits="0"/><line number="544" hits="0"/><line number="545" hits="0"/><line number="546" hits="0"/><line number="547" hits="0"/><line number="550" hits="0"/><line number="551" hits="0"/><line number="556" hits="0"/><line number="557" hits="0"/><line number="567" hits="0"/><line number="571" hits="0"/><line number="572" hits="0"/><line number="573" hits="0"/><line number="574" hits="0"/><line number="575" hits="0"/><line number="579" hits="0"/><line number="580" hits="0"/><line number="581" hits="0"/><line number="582" hits="0"/><line number="586" hits="0"/><line number="587" hits="0"/><line number="588" hits="0"/><line number="589" hits="0"/><line number="591" hits="0"/><line number="592" hits="0"/><line number="593" hits="0"/><line number="596" hits="0"/><line number="597" hits="0"/><line number="598" hits="0"/><line number="604" hits="0"/><line number="610" hits="0"/><line number="614" hits="0"/><line number="615" hits="0"/><line number="619" hits="0"/><line number="621" hits="0"/><line number="625" hits="0"/><line number="626" hits="0"/><line number="627" hits="0"/><line number="629" hits="0"/><line number="630" hits="0"/><line number="633" hits="0"/><line number="638" hits="0"/><line number="639" hits="0"/><line number="641" hits="0"/><line number="649" hits="0"/><line number="650" hits="0"/><line number="651" hits="0"/><line number="652" hits="0"/><line number="653" hits="0"/><line number="656" hits="0"/><line number="659" hits="0"/><line number="668" hits="0"/><line number="672" hits="0"/><line number="673" hits="0"/><line number="674" hits="0"/><line number="675" hits="0"/><line number="676" hits="0"/><line number="678" hits="0"/><line number="682" hits="0"/><line number="683" hits="0"/><line number="685" hits="0"/><line number="686" hits="0"/><line number="687" hits="0"/><line number="689" hits="0"/><line number="690" hits="0"/><line number="691" hits="0"/><line number="699" hits="0"/><line number="702" hits="0"/><line number="704" hits="0"/><line number="705" hits="0"/><line number="709" hits="0"/><line number="720" hits="0"/><line number="721" hits="0"/><line number="725" hits="0"/><line number="726" hits="0"/><line number="728" hits="0"/><line number="729" hits="0"/><line number="731" hits="0"/><line number="733" hits="0"/><line number="734" hits="0"/><line number="735" hits="0"/><line number="741" hits="0"/><line number="745" hits="1"/><line number="746" hits="2"/><line number="747" hits="1"/><line number="748" hits="4"/><line number="749" hits="1"/><line number="751" hits="2"/><line number="755" hits="1"/><line number="763" hits="1"/><line number="764" hits="2"/><line number="766" hits="4"/><line number="767" hits="5"/><line number="768" hits="3"/><line number="773" hits="2"/><line number="775" hits="2"/><line number="776" hits="3"/><line number="777" hits="3"/><line number="778" hits="4"/><line number="779" hits="3"/><line number="780" hits="4"/><line number="781" hits="3"/><line number="782" hits="4"/><line number="783" hits="3"/><line number="784" hits="4"/><line number="785" hits="3"/><line number="786" hits="4"/></lines></class><class name="deployment" filename="src/services/deployment.rs" line-rate="0" branch-rate="0" complexity="0"><methods/><lines><line number="43" hits="0"/><line number="52" hits="0"/><line number="60" hits="0"/><line number="65" hits="0"/><line number="66" hits="0"/><line number="70" hits="0"/><line number="71" hits="0"/><line number="72" hits="0"/><line number="74" hits="0"/><line number="76" hits="0"/><line number="77" hits="0"/><line number="78" hits="0"/><line number="79" hits="0"/><line number="80" hits="0"/><line number="84" hits="0"/><line number="88" hits="0"/><line number="94" hits="0"/><line number="95" hits="0"/><line number="98" hits="0"/><line number="99" hits="0"/><line number="102" hits="0"/><line number="105" hits="0"/><line number="106" hits="0"/><line number="108" hits="0"/><line number="113" hits="0"/><line number="114" hits="0"/><line number="117" hits="0"/><line number="118" hits="0"/><line number="119" hits="0"/><line number="123" hits="0"/><line number="124" hits="0"/><line number="125" hits="0"/><line number="128" hits="0"/><line number="129" hits="0"/><line number="130" hits="0"/><line number="131" hits="0"/><line number="132" hits="0"/><line number="133" hits="0"/><line number="135" hits="0"/><line number="136" hits="0"/><line number="137" hits="0"/><line number="138" hits="0"/><line number="139" hits="0"/><line number="143" hits="0"/><line number="144" hits="0"/><line number="145" hits="0"/><line number="148" hits="0"/><line number="149" hits="0"/><line number="150" hits="0"/><line number="151" hits="0"/><line number="152" hits="0"/><line number="160" hits="0"/><line number="161" hits="0"/><line number="165" hits="0"/><line number="166" hits="0"/><line number="167" hits="0"/><line number="171" hits="0"/><line number="172" hits="0"/><line number="173" hits="0"/><line number="177" hits="0"/><line number="178" hits="0"/><line number="180" hits="0"/><line number="181" hits="0"/><line number="182" hits="0"/><line number="183" hits="0"/><line number="184" hits="0"/><line number="185" hits="0"/><line number="190" hits="0"/><line number="191" hits="0"/><line number="194" hits="0"/><line number="197" hits="0"/><line number="199" hits="0"/><line number="200" hits="0"/><line number="201" hits="0"/><line number="202" hits="0"/><line number="203" hits="0"/><line number="204" hits="0"/><line number="210" hits="0"/><line number="211" hits="0"/><line number="214" hits="0"/><line number="215" hits="0"/><line number="218" hits="0"/><line number="219" hits="0"/><line number="222" hits="0"/><line number="224" hits="0"/><line number="225" hits="0"/><line number="226" hits="0"/><line number="227" hits="0"/><line number="229" hits="0"/><line number="230" hits="0"/><line number="231" hits="0"/><line number="239" hits="0"/><line number="243" hits="0"/><line number="244" hits="0"/><line number="245" hits="0"/><line number="249" hits="0"/><line number="250" hits="0"/><line number="253" hits="0"/><line number="254" hits="0"/><line number="255" hits="0"/><line number="256" hits="0"/><line number="257" hits="0"/><line number="262" hits="0"/><line number="263" hits="0"/><line number="266" hits="0"/><line number="267" hits="0"/><line number="269" hits="0"/><line number="270" hits="0"/><line number="271" hits="0"/><line number="272" hits="0"/><line number="273" hits="0"/><line number="277" hits="0"/><line number="278" hits="0"/><line number="281" hits="0"/><line number="282" hits="0"/><line number="283" hits="0"/><line number="284" hits="0"/><line number="286" hits="0"/><line number="287" hits="0"/><line number="288" hits="0"/><line number="290" hits="0"/><line number="292" hits="0"/><line number="293" hits="0"/><line number="294" hits="0"/><line number="295" hits="0"/><line number="296" hits="0"/><line number="297" hits="0"/><line number="298" hits="0"/><line number="301" hits="0"/><line number="302" hits="0"/><line number="307" hits="0"/><line number="308" hits="0"/><line number="309" hits="0"/><line number="311" hits="0"/><line number="312" hits="0"/><line number="313" hits="0"/><line number="315" hits="0"/><line number="317" hits="0"/><line number="318" hits="0"/><line number="319" hits="0"/><line number="320" hits="0"/><line number="321" hits="0"/><line number="322" hits="0"/><line number="323" hits="0"/><line number="326" hits="0"/><line number="327" hits="0"/><line number="331" hits="0"/><line number="332" hits="0"/><line number="333" hits="0"/><line number="334" hits="0"/><line number="335" hits="0"/></lines></class><class name="k8s" filename="src/services/k8s.rs" line-rate="0.19576719576719576" branch-rate="0" complexity="0"><methods/><lines><line number="21" hits="0"/><line number="22" hits="0"/><line number="24" hits="0"/><line number="25" hits="0"/><line number="26" hits="0"/><line number="28" hits="0"/><line number="29" hits="0"/><line number="31" hits="0"/><line number="34" hits="0"/><line number="37" hits="0"/><line number="41" hits="0"/><line number="47" hits="0"/><line number="48" hits="0"/><line number="49" hits="0"/><line number="50" hits="0"/><line number="55" hits="0"/><line number="56" hits="0"/><line number="57" hits="0"/><line number="62" hits="0"/><line number="64" hits="0"/><line number="67" hits="0"/><line number="68" hits="0"/><line number="69" hits="0"/><line number="71" hits="0"/><line number="73" hits="0"/><line number="77" hits="0"/><line number="82" hits="0"/><line number="84" hits="0"/><line number="85" hits="0"/><line number="87" hits="0"/><line number="90" hits="0"/><line number="92" hits="0"/><line number="93" hits="0"/><line number="94" hits="0"/><line number="95" hits="0"/><line number="96" hits="0"/><line number="98" hits="0"/><line number="99" hits="0"/><line number="102" hits="0"/><line number="103" hits="0"/><line number="104" hits="0"/><line number="105" hits="0"/><line number="107" hits="0"/><line number="111" hits="0"/><line number="114" hits="0"/><line number="118" hits="0"/><line number="121" hits="0"/><line number="122" hits="0"/><line number="123" hits="0"/><line number="124" hits="0"/><line number="125" hits="0"/><line number="132" hits="0"/><line number="134" hits="0"/><line number="136" hits="0"/><line number="137" hits="0"/><line number="138" hits="0"/><line number="139" hits="0"/><line number="140" hits="0"/><line number="143" hits="0"/><line number="144" hits="0"/><line number="145" hits="0"/><line number="151" hits="0"/><line number="155" hits="0"/><line number="161" hits="0"/><line number="162" hits="0"/><line number="163" hits="0"/><line number="164" hits="0"/><line number="166" hits="0"/><line number="167" hits="0"/><line number="168" hits="0"/><line number="171" hits="0"/><line number="172" hits="0"/><line number="174" hits="0"/><line number="175" hits="0"/><line number="176" hits="0"/><line number="178" hits="0"/><line number="179" hits="0"/><line number="184" hits="0"/><line number="185" hits="0"/><line number="187" hits="0"/><line number="188" hits="0"/><line number="189" hits="0"/><line number="192" hits="0"/><line number="193" hits="0"/><line number="194" hits="0"/><line number="195" hits="0"/><line number="196" hits="0"/><line number="200" hits="0"/><line number="204" hits="0"/><line number="209" hits="0"/><line number="211" hits="0"/><line number="212" hits="0"/><line number="213" hits="0"/><line number="221" hits="0"/><line number="224" hits="0"/><line number="225" hits="0"/><line number="227" hits="0"/><line number="228" hits="0"/><line number="229" hits="0"/><line number="230" hits="0"/><line number="231" hits="0"/><line number="232" hits="0"/><line number="235" hits="0"/><line number="241" hits="0"/><line number="242" hits="0"/><line number="245" hits="0"/><line number="246" hits="0"/><line number="247" hits="0"/><line number="248" hits="0"/><line number="250" hits="0"/><line number="253" hits="0"/><line number="254" hits="0"/><line number="255" hits="0"/><line number="257" hits="0"/><line number="258" hits="0"/><line number="259" hits="0"/><line number="260" hits="0"/><line number="262" hits="0"/><line number="263" hits="0"/><line number="264" hits="0"/><line number="268" hits="0"/><line number="272" hits="0"/><line number="273" hits="0"/><line number="275" hits="0"/><line number="276" hits="0"/><line number="278" hits="0"/><line number="281" hits="0"/><line number="282" hits="0"/><line number="286" hits="0"/><line number="287" hits="0"/><line number="288" hits="0"/><line number="289" hits="0"/><line number="293" hits="0"/><line number="302" hits="0"/><line number="305" hits="0"/><line number="309" hits="0"/><line number="310" hits="0"/><line number="313" hits="0"/><line number="314" hits="0"/><line number="318" hits="0"/><line number="319" hits="0"/><line number="320" hits="0"/><line number="321" hits="0"/><line number="325" hits="0"/><line number="326" hits="0"/><line number="328" hits="0"/><line number="330" hits="0"/><line number="332" hits="0"/><line number="333" hits="0"/><line number="336" hits="0"/><line number="337" hits="0"/><line number="340" hits="0"/><line number="419" hits="1"/><line number="420" hits="1"/><line number="421" hits="1"/><line number="422" hits="1"/><line number="423" hits="2"/><line number="424" hits="1"/><line number="425" hits="2"/><line number="427" hits="3"/><line number="431" hits="6"/><line number="432" hits="7"/><line number="433" hits="2"/><line number="434" hits="7"/><line number="435" hits="2"/><line number="436" hits="11"/><line number="437" hits="4"/><line number="439" hits="4"/><line number="443" hits="4"/><line number="444" hits="5"/><line number="445" hits="5"/><line number="446" hits="3"/><line number="448" hits="2"/><line number="452" hits="1"/><line number="453" hits="2"/><line number="454" hits="2"/><line number="455" hits="4"/><line number="456" hits="2"/><line number="457" hits="4"/><line number="458" hits="2"/><line number="459" hits="3"/><line number="460" hits="2"/><line number="462" hits="2"/><line number="466" hits="1"/><line number="467" hits="2"/><line number="468" hits="2"/><line number="469" hits="3"/><line number="470" hits="3"/><line number="472" hits="1"/></lines></class><class name="network_broadcaster" filename="src/services/network_broadcaster.rs" line-rate="0.04182509505703422" branch-rate="0" complexity="0"><methods/><lines><line number="74" hits="0"/><line number="75" hits="0"/><line number="76" hits="0"/><line number="79" hits="0"/><line number="81" hits="0"/><line number="84" hits="0"/><line number="85" hits="0"/><line number="87" hits="0"/><line number="88" hits="0"/><line number="91" hits="0"/><line number="92" hits="0"/><line number="94" hits="0"/><line number="95" hits="0"/><line number="96" hits="0"/><line number="98" hits="0"/><line number="99" hits="0"/><line number="104" hits="0"/><line number="105" hits="0"/><line number="113" hits="0"/><line number="114" hits="0"/><line number="115" hits="0"/><line number="117" hits="0"/><line number="120" hits="0"/><line number="121" hits="0"/><line number="124" hits="0"/><line number="125" hits="0"/><line number="126" hits="0"/><line number="129" hits="0"/><line number="133" hits="0"/><line number="135" hits="0"/><line number="136" hits="0"/><line number="140" hits="0"/><line number="143" hits="0"/><line number="144" hits="0"/><line number="147" hits="0"/><line number="153" hits="0"/><line number="159" hits="0"/><line number="165" hits="0"/><line number="171" hits="0"/><line number="177" hits="0"/><line number="183" hits="0"/><line number="189" hits="0"/><line number="198" hits="0"/><line number="202" hits="0"/><line number="204" hits="0"/><line number="205" hits="0"/><line number="207" hits="0"/><line number="208" hits="0"/><line number="209" hits="0"/><line number="210" hits="0"/><line number="211" hits="0"/><line number="212" hits="0"/><line number="213" hits="0"/><line number="214" hits="0"/><line number="217" hits="0"/><line number="218" hits="0"/><line number="219" hits="0"/><line number="220" hits="0"/><line number="221" hits="0"/><line number="222" hits="0"/><line number="223" hits="0"/><line number="224" hits="0"/><line number="225" hits="0"/><line number="227" hits="0"/><line number="230" hits="0"/><line number="231" hits="0"/><line number="232" hits="0"/><line number="233" hits="0"/><line number="234" hits="0"/><line number="235" hits="0"/><line number="236" hits="0"/><line number="237" hits="0"/><line number="238" hits="0"/><line number="239" hits="0"/><line number="240" hits="0"/><line number="241" hits="0"/><line number="246" hits="0"/><line number="247" hits="0"/><line number="248" hits="0"/><line number="249" hits="0"/><line number="250" hits="0"/><line number="251" hits="0"/><line number="252" hits="0"/><line number="255" hits="0"/><line number="257" hits="0"/><line number="262" hits="0"/><line number="265" hits="0"/><line number="268" hits="0"/><line number="269" hits="0"/><line number="270" hits="0"/><line number="272" hits="0"/><line number="274" hits="0"/><line number="275" hits="0"/><line number="277" hits="0"/><line number="278" hits="0"/><line number="283" hits="3"/><line number="284" hits="2"/><line number="285" hits="2"/><line number="286" hits="2"/><line number="287" hits="1"/><line number="288" hits="2"/><line number="292" hits="5"/><line number="293" hits="5"/><line number="294" hits="5"/><line number="295" hits="1"/><line number="296" hits="4"/><line number="468" hits="0"/><line number="476" hits="0"/><line number="477" hits="0"/><line number="478" hits="0"/><line number="481" hits="0"/><line number="482" hits="0"/><line number="483" hits="0"/><line number="484" hits="0"/><line number="485" hits="0"/><line number="486" hits="0"/><line number="487" hits="0"/><line number="488" hits="0"/><line number="489" hits="0"/><line number="496" hits="0"/><line number="497" hits="0"/><line number="498" hits="0"/><line number="499" hits="0"/><line number="500" hits="0"/><line number="501" hits="0"/><line number="502" hits="0"/><line number="503" hits="0"/><line number="504" hits="0"/><line number="505" hits="0"/><line number="506" hits="0"/><line number="507" hits="0"/><line number="508" hits="0"/><line number="509" hits="0"/><line number="510" hits="0"/><line number="512" hits="0"/><line number="513" hits="0"/><line number="524" hits="0"/><line number="525" hits="0"/><line number="526" hits="0"/><line number="527" hits="0"/><line number="528" hits="0"/><line number="529" hits="0"/><line number="530" hits="0"/><line number="531" hits="0"/><line number="532" hits="0"/><line number="533" hits="0"/><line number="534" hits="0"/><line number="535" hits="0"/><line number="536" hits="0"/><line number="537" hits="0"/><line number="540" hits="0"/><line number="541" hits="0"/><line number="542" hits="0"/><line number="543" hits="0"/><line number="544" hits="0"/><line number="545" hits="0"/><line number="547" hits="0"/><line number="548" hits="0"/><line number="563" hits="0"/><line number="564" hits="0"/><line number="565" hits="0"/><line number="566" hits="0"/><line number="567" hits="0"/><line number="568" hits="0"/><line number="569" hits="0"/><line number="570" hits="0"/><line number="571" hits="0"/><line number="572" hits="0"/><line number="573" hits="0"/><line number="574" hits="0"/><line number="577" hits="0"/><line number="578" hits="0"/><line number="579" hits="0"/><line number="580" hits="0"/><line number="581" hits="0"/><line number="582" hits="0"/><line number="583" hits="0"/><line number="585" hits="0"/><line number="586" hits="0"/><line number="598" hits="0"/><line number="599" hits="0"/><line number="600" hits="0"/><line number="603" hits="0"/><line number="604" hits="0"/><line number="605" hits="0"/><line number="606" hits="0"/><line number="607" hits="0"/><line number="608" hits="0"/><line number="609" hits="0"/><line number="610" hits="0"/><line number="611" hits="0"/><line number="612" hits="0"/><line number="613" hits="0"/><line number="614" hits="0"/><line number="615" hits="0"/><line number="616" hits="0"/><line number="627" hits="0"/><line number="628" hits="0"/><line number="629" hits="0"/><line number="630" hits="0"/><line number="631" hits="0"/><line number="632" hits="0"/><line number="633" hits="0"/><line number="634" hits="0"/><line number="635" hits="0"/><line number="636" hits="0"/><line number="637" hits="0"/><line number="639" hits="0"/><line number="640" hits="0"/><line number="644" hits="0"/><line number="645" hits="0"/><line number="646" hits="0"/><line number="647" hits="0"/><line number="648" hits="0"/><line number="649" hits="0"/><line number="650" hits="0"/><line number="653" hits="0"/><line number="654" hits="0"/><line number="656" hits="0"/><line number="657" hits="0"/><line number="658" hits="0"/><line number="659" hits="0"/><line number="660" hits="0"/><line number="661" hits="0"/><line number="662" hits="0"/><line number="664" hits="0"/><line number="665" hits="0"/><line number="666" hits="0"/><line number="667" hits="0"/><line number="683" hits="0"/><line number="684" hits="0"/><line number="685" hits="0"/><line number="687" hits="0"/><line number="688" hits="0"/><line number="689" hits="0"/><line number="690" hits="0"/><line number="691" hits="0"/><line number="692" hits="0"/><line number="693" hits="0"/><line number="694" hits="0"/><line number="697" hits="0"/><line number="698" hits="0"/><line number="699" hits="0"/><line number="701" hits="0"/><line number="702" hits="0"/><line number="703" hits="0"/><line number="704" hits="0"/><line number="706" hits="0"/><line number="707" hits="0"/><line number="711" hits="0"/><line number="714" hits="0"/><line number="715" hits="0"/><line number="725" hits="0"/><line number="726" hits="0"/><line number="727" hits="0"/><line number="728" hits="0"/><line number="729" hits="0"/><line number="730" hits="0"/><line number="731" hits="0"/><line number="732" hits="0"/><line number="734" hits="0"/><line number="735" hits="0"/><line number="741" hits="0"/></lines></class><class name="proxy" filename="src/services/proxy.rs" line-rate="0.3373493975903614" branch-rate="0" complexity="0"><methods/><lines><line number="23" hits="0"/><line number="24" hits="0"/><line number="30" hits="69"/><line number="32" hits="187"/><line number="41" hits="2"/><line number="49" hits="12"/><line number="50" hits="9"/><line number="51" hits="3"/><line number="54" hits="4"/><line number="57" hits="3"/><line number="58" hits="0"/><line number="62" hits="0"/><line number="63" hits="0"/><line number="78" hits="0"/><line number="79" hits="0"/><line number="84" hits="2"/><line number="85" hits="0"/><line number="89" hits="11"/><line number="90" hits="4"/><line number="91" hits="3"/><line number="92" hits="0"/><line number="93" hits="0"/><line number="95" hits="0"/><line number="100" hits="0"/><line number="101" hits="0"/><line number="102" hits="0"/><line number="104" hits="0"/><line number="105" hits="0"/><line number="107" hits="0"/><line number="110" hits="0"/><line number="113" hits="0"/><line number="114" hits="0"/><line number="126" hits="0"/><line number="129" hits="0"/><line number="130" hits="0"/><line number="131" hits="0"/><line number="136" hits="3"/><line number="137" hits="4"/><line number="138" hits="4"/><line number="139" hits="10"/><line number="140" hits="4"/><line number="145" hits="0"/><line number="146" hits="0"/><line number="149" hits="0"/><line number="151" hits="0"/><line number="155" hits="0"/><line number="156" hits="0"/><line number="157" hits="0"/><line number="158" hits="0"/><line number="163" hits="0"/><line number="164" hits="0"/><line number="167" hits="0"/><line number="168" hits="0"/><line number="169" hits="0"/><line number="170" hits="0"/><line number="171" hits="0"/><line number="172" hits="0"/><line number="173" hits="0"/><line number="178" hits="0"/><line number="183" hits="0"/><line number="184" hits="0"/><line number="185" hits="0"/><line number="186" hits="0"/><line number="187" hits="0"/><line number="188" hits="0"/><line number="189" hits="0"/><line number="194" hits="0"/><line number="200" hits="0"/><line number="207" hits="3"/><line number="208" hits="3"/><line number="209" hits="1"/><line number="210" hits="1"/><line number="211" hits="0"/><line number="212" hits="0"/><line number="213" hits="1"/><line number="218" hits="1"/><line number="219" hits="2"/><line number="220" hits="1"/><line number="221" hits="1"/><line number="222" hits="0"/><line number="223" hits="0"/><line number="224" hits="1"/><line number="225" hits="1"/></lines></class><class name="scheduler" filename="src/services/scheduler.rs" line-rate="0" branch-rate="0" complexity="0"><methods/><lines><line number="28" hits="0"/><line number="29" hits="0"/><line number="30" hits="0"/><line number="31" hits="0"/><line number="32" hits="0"/><line number="36" hits="0"/><line number="37" hits="0"/><line number="38" hits="0"/><line number="39" hits="0"/><line number="43" hits="0"/><line number="47" hits="0"/><line number="48" hits="0"/><line number="51" hits="0"/><line number="54" hits="0"/><line number="56" hits="0"/><line number="58" hits="0"/><line number="60" hits="0"/><line number="62" hits="0"/><line number="63" hits="0"/><line number="83" hits="0"/><line number="87" hits="0"/><line number="88" hits="0"/><line number="91" hits="0"/><line number="92" hits="0"/><line number="95" hits="0"/><line number="96" hits="0"/><line number="97" hits="0"/><line number="98" hits="0"/><line number="101" hits="0"/><line number="102" hits="0"/><line number="103" hits="0"/><line number="104" hits="0"/><line number="105" hits="0"/><line number="106" hits="0"/><line number="108" hits="0"/><line number="109" hits="0"/><line number="116" hits="0"/></lines></class><class name="security" filename="src/services/security.rs" line-rate="0.9613259668508287" branch-rate="0" complexity="0"><methods/><lines><line number="27" hits="44"/><line number="28" hits="44"/><line number="64" hits="198"/><line number="69" hits="110"/><line number="70" hits="44"/><line number="71" hits="22"/><line number="72" hits="88"/><line number="74" hits="110"/><line number="75" hits="44"/><line number="76" hits="22"/><line number="77" hits="88"/><line number="79" hits="44"/><line number="80" hits="0"/><line number="81" hits="0"/><line number="82" hits="0"/><line number="86" hits="66"/><line number="87" hits="44"/><line number="89" hits="22"/><line number="93" hits="44"/><line number="94" hits="44"/><line number="95" hits="44"/><line number="96" hits="22"/><line number="99" hits="132"/><line number="100" hits="44"/><line number="101" hits="22"/><line number="102" hits="88"/><line number="105" hits="0"/><line number="107" hits="44"/><line number="112" hits="44"/><line number="113" hits="44"/><line number="114" hits="44"/><line number="115" hits="22"/><line number="117" hits="132"/><line number="118" hits="44"/><line number="119" hits="22"/><line number="120" hits="88"/><line number="123" hits="0"/><line number="125" hits="44"/><line number="128" hits="66"/><line number="129" hits="22"/><line number="135" hits="44"/><line number="136" hits="22"/><line number="139" hits="22"/><line number="140" hits="22"/><line number="143" hits="22"/><line number="148" hits="116"/><line number="149" hits="105"/><line number="150" hits="220"/><line number="151" hits="0"/><line number="157" hits="95"/><line number="158" hits="119"/><line number="159" hits="216"/><line number="160" hits="0"/><line number="165" hits="22"/><line number="166" hits="44"/><line number="167" hits="22"/><line number="169" hits="22"/><line number="171" hits="22"/><line number="172" hits="22"/><line number="173" hits="22"/><line number="176" hits="22"/><line number="177" hits="22"/><line number="178" hits="22"/><line number="180" hits="22"/><line number="184" hits="231"/><line number="185" hits="180"/><line number="186" hits="108"/><line number="190" hits="110"/><line number="191" hits="104"/><line number="195" hits="1"/><line number="204" hits="1"/><line number="205" hits="1"/><line number="207" hits="1"/><line number="209" hits="1"/><line number="211" hits="1"/><line number="212" hits="1"/><line number="213" hits="1"/><line number="214" hits="1"/><line number="215" hits="1"/><line number="217" hits="1"/><line number="218" hits="1"/><line number="223" hits="2"/><line number="224" hits="3"/><line number="225" hits="1"/><line number="227" hits="1"/><line number="228" hits="2"/><line number="232" hits="1"/><line number="239" hits="1"/><line number="240" hits="1"/><line number="242" hits="1"/><line number="244" hits="1"/><line number="246" hits="1"/><line number="247" hits="1"/><line number="248" hits="1"/><line number="249" hits="1"/><line number="250" hits="1"/><line number="251" hits="2"/><line number="252" hits="1"/><line number="253" hits="1"/><line number="258" hits="2"/><line number="259" hits="3"/><line number="260" hits="1"/><line number="262" hits="1"/><line number="263" hits="2"/><line number="267" hits="1"/><line number="268" hits="1"/><line number="269" hits="3"/><line number="270" hits="1"/><line number="272" hits="1"/><line number="273" hits="1"/><line number="275" hits="1"/><line number="277" hits="1"/><line number="279" hits="2"/><line number="280" hits="1"/><line number="285" hits="104"/><line number="287" hits="116"/><line number="290" hits="221"/><line number="291" hits="344"/><line number="292" hits="103"/><line number="294" hits="107"/><line number="295" hits="244"/><line number="300" hits="95"/><line number="301" hits="117"/><line number="302" hits="338"/><line number="303" hits="105"/><line number="305" hits="119"/><line number="306" hits="115"/><line number="307" hits="124"/><line number="308" hits="114"/><line number="310" hits="124"/><line number="311" hits="105"/><line number="315" hits="10"/><line number="316" hits="13"/><line number="317" hits="48"/><line number="318" hits="11"/><line number="323" hits="3"/><line number="326" hits="2"/><line number="328" hits="4"/><line number="329" hits="2"/><line number="330" hits="2"/><line number="342" hits="8"/><line number="344" hits="16"/><line number="348" hits="4"/><line number="351" hits="10"/><line number="353" hits="8"/><line number="360" hits="4"/><line number="361" hits="10"/><line number="362" hits="4"/><line number="364" hits="4"/><line number="368" hits="2"/><line number="369" hits="2"/><line number="370" hits="4"/><line number="374" hits="3"/><line number="375" hits="3"/><line number="376" hits="6"/><line number="381" hits="1"/><line number="382" hits="1"/><line number="383" hits="1"/><line number="385" hits="1"/><line number="387" hits="2"/><line number="391" hits="2"/><line number="392" hits="2"/><line number="404" hits="6"/><line number="405" hits="5"/><line number="407" hits="10"/><line number="409" hits="10"/><line number="410" hits="4"/><line number="411" hits="5"/><line number="413" hits="4"/><line number="419" hits="4"/><line number="420" hits="5"/><line number="421" hits="7"/><line number="425" hits="5"/><line number="426" hits="4"/><line number="430" hits="1"/><line number="431" hits="1"/><line number="434" hits="3"/><line number="435" hits="1"/><line number="439" hits="2"/><line number="440" hits="2"/><line number="442" hits="2"/></lines></class><class name="vpn" filename="src/services/vpn.rs" line-rate="0.5429184549356223" branch-rate="0" complexity="0"><methods/><lines><line number="155" hits="12"/><line number="156" hits="9"/><line number="164" hits="20"/><line number="165" hits="12"/><line number="168" hits="12"/><line number="170" hits="4"/><line number="171" hits="16"/><line number="172" hits="8"/><line number="174" hits="4"/><line number="177" hits="4"/><line number="178" hits="4"/><line number="179" hits="4"/><line number="180" hits="4"/><line number="181" hits="4"/><line number="182" hits="4"/><line number="183" hits="4"/><line number="184" hits="4"/><line number="185" hits="4"/><line number="186" hits="4"/><line number="191" hits="4"/><line number="195" hits="20"/><line number="196" hits="31"/><line number="197" hits="4"/><line number="198" hits="16"/><line number="199" hits="17"/><line number="201" hits="20"/><line number="202" hits="8"/><line number="203" hits="4"/><line number="204" hits="16"/><line number="206" hits="4"/><line number="207" hits="4"/><line number="208" hits="4"/><line number="209" hits="4"/><line number="210" hits="4"/><line number="211" hits="4"/><line number="212" hits="4"/><line number="213" hits="4"/><line number="214" hits="4"/><line number="215" hits="4"/><line number="221" hits="20"/><line number="226" hits="36"/><line number="228" hits="17"/><line number="229" hits="36"/><line number="230" hits="12"/><line number="233" hits="14"/><line number="234" hits="12"/><line number="235" hits="11"/><line number="236" hits="16"/><line number="237" hits="16"/><line number="238" hits="19"/><line number="239" hits="10"/><line number="240" hits="13"/><line number="241" hits="15"/><line number="245" hits="25"/><line number="247" hits="15"/><line number="248" hits="13"/><line number="249" hits="9"/><line number="250" hits="15"/><line number="251" hits="12"/><line number="252" hits="13"/><line number="253" hits="12"/><line number="254" hits="16"/><line number="255" hits="12"/><line number="256" hits="8"/><line number="262" hits="4"/><line number="267" hits="39"/><line number="268" hits="5"/><line number="269" hits="18"/><line number="270" hits="17"/><line number="272" hits="16"/><line number="274" hits="12"/><line number="275" hits="4"/><line number="277" hits="8"/><line number="278" hits="1"/><line number="280" hits="8"/><line number="281" hits="6"/><line number="282" hits="4"/><line number="283" hits="2"/><line number="284" hits="4"/><line number="286" hits="9"/><line number="287" hits="3"/><line number="289" hits="5"/><line number="290" hits="2"/><line number="292" hits="6"/><line number="293" hits="1"/><line number="296" hits="12"/><line number="298" hits="14"/><line number="300" hits="28"/><line number="301" hits="10"/><line number="302" hits="6"/><line number="303" hits="24"/><line number="305" hits="6"/><line number="306" hits="6"/><line number="307" hits="6"/><line number="308" hits="6"/><line number="309" hits="6"/><line number="310" hits="6"/><line number="311" hits="6"/><line number="312" hits="6"/><line number="313" hits="6"/><line number="314" hits="6"/><line number="320" hits="0"/><line number="322" hits="0"/><line number="323" hits="0"/><line number="324" hits="0"/><line number="325" hits="0"/><line number="328" hits="0"/><line number="329" hits="0"/><line number="330" hits="0"/><line number="339" hits="0"/><line number="341" hits="0"/><line number="349" hits="20"/><line number="350" hits="12"/><line number="351" hits="12"/><line number="353" hits="12"/><line number="356" hits="4"/><line number="357" hits="14"/><line number="358" hits="4"/><line number="359" hits="4"/><line number="360" hits="2"/><line number="361" hits="2"/><line number="362" hits="2"/><line number="363" hits="2"/><line number="364" hits="2"/><line number="366" hits="2"/><line number="367" hits="2"/><line number="368" hits="2"/><line number="373" hits="4"/><line number="377" hits="4"/><line number="381" hits="12"/><line number="383" hits="9"/><line number="384" hits="12"/><line number="385" hits="2"/><line number="386" hits="8"/><line number="387" hits="4"/><line number="388" hits="0"/><line number="394" hits="4"/><line number="395" hits="2"/><line number="396" hits="2"/><line number="397" hits="2"/><line number="398" hits="2"/><line number="399" hits="2"/><line number="401" hits="2"/><line number="402" hits="2"/><line number="403" hits="2"/><line number="406" hits="3"/><line number="411" hits="3"/><line number="417" hits="25"/><line number="418" hits="3"/><line number="419" hits="12"/><line number="420" hits="12"/><line number="421" hits="3"/><line number="424" hits="6"/><line number="425" hits="2"/><line number="426" hits="2"/><line number="430" hits="6"/><line number="433" hits="16"/><line number="435" hits="11"/><line number="437" hits="8"/><line number="440" hits="2"/><line number="441" hits="1"/><line number="442" hits="1"/><line number="443" hits="1"/><line number="444" hits="1"/><line number="447" hits="1"/><line number="448" hits="2"/><line number="452" hits="10"/><line number="453" hits="5"/><line number="454" hits="3"/><line number="455" hits="4"/><line number="456" hits="4"/><line number="457" hits="4"/><line number="459" hits="8"/><line number="462" hits="10"/><line number="463" hits="4"/><line number="464" hits="6"/><line number="465" hits="4"/><line number="466" hits="7"/><line number="467" hits="6"/><line number="469" hits="4"/><line number="470" hits="4"/><line number="471" hits="8"/><line number="476" hits="0"/><line number="478" hits="0"/><line number="479" hits="0"/><line number="483" hits="0"/><line number="485" hits="0"/><line number="493" hits="0"/><line number="499" hits="0"/><line number="500" hits="0"/><line number="501" hits="0"/><line number="502" hits="0"/><line number="505" hits="0"/><line number="506" hits="0"/><line number="507" hits="0"/><line number="508" hits="0"/><line number="509" hits="0"/><line number="513" hits="0"/><line number="514" hits="0"/><line number="517" hits="0"/><line number="520" hits="0"/><line number="523" hits="0"/><line number="524" hits="0"/><line number="525" hits="0"/><line number="529" hits="0"/><line number="530" hits="0"/><line number="531" hits="0"/><line number="533" hits="0"/><line number="534" hits="0"/><line number="539" hits="0"/><line number="541" hits="0"/><line number="544" hits="0"/><line number="545" hits="0"/><line number="549" hits="0"/><line number="564" hits="0"/><line number="569" hits="0"/><line number="572" hits="0"/><line number="575" hits="0"/><line number="577" hits="0"/><line number="581" hits="0"/><line number="582" hits="0"/><line number="583" hits="0"/><line number="585" hits="0"/><line number="587" hits="0"/><line number="588" hits="0"/><line number="589" hits="0"/><line number="590" hits="0"/><line number="598" hits="2"/><line number="602" hits="6"/><line number="604" hits="2"/><line number="605" hits="18"/><line number="606" hits="3"/><line number="607" hits="12"/><line number="608" hits="6"/><line number="609" hits="0"/><line number="612" hits="4"/><line number="613" hits="2"/><line number="616" hits="4"/><line number="618" hits="2"/><line number="620" hits="2"/><line number="622" hits="2"/><line number="623" hits="2"/><line number="626" hits="2"/><line number="653" hits="0"/><line number="659" hits="0"/><line number="660" hits="0"/><line number="661" hits="0"/><line number="662" hits="0"/><line number="664" hits="0"/><line number="665" hits="0"/><line number="666" hits="0"/><line number="671" hits="0"/><line number="672" hits="0"/><line number="674" hits="0"/><line number="675" hits="0"/><line number="677" hits="0"/><line number="684" hits="0"/><line number="688" hits="0"/><line number="690" hits="0"/><line number="692" hits="0"/><line number="694" hits="0"/><line number="695" hits="0"/><line number="700" hits="0"/><line number="702" hits="0"/><line number="704" hits="0"/><line number="706" hits="0"/><line number="707" hits="0"/><line number="708" hits="0"/><line number="713" hits="0"/><line number="714" hits="0"/><line number="715" hits="0"/><line number="716" hits="0"/><line number="718" hits="0"/><line number="720" hits="0"/><line number="721" hits="0"/><line number="722" hits="0"/><line number="727" hits="0"/><line number="728" hits="0"/><line number="730" hits="0"/><line number="731" hits="0"/><line number="734" hits="0"/><line number="736" hits="0"/><line number="740" hits="0"/><line number="745" hits="0"/><line number="753" hits="0"/><line number="754" hits="0"/><line number="755" hits="0"/><line number="756" hits="0"/><line number="759" hits="0"/><line number="760" hits="0"/><line number="763" hits="0"/><line number="766" hits="0"/><line number="769" hits="0"/><line number="770" hits="0"/><line number="771" hits="0"/><line number="775" hits="0"/><line number="776" hits="0"/><line number="777" hits="0"/><line number="779" hits="0"/><line number="780" hits="0"/><line number="785" hits="0"/><line number="787" hits="0"/><line number="790" hits="0"/><line number="794" hits="0"/><line number="806" hits="0"/><line number="811" hits="0"/><line number="814" hits="0"/><line number="817" hits="0"/><line number="819" hits="0"/><line number="823" hits="0"/><line number="824" hits="0"/><line number="826" hits="0"/><line number="827" hits="0"/><line number="828" hits="0"/><line number="829" hits="0"/><line number="830" hits="0"/><line number="831" hits="0"/><line number="837" hits="0"/><line number="843" hits="0"/><line number="846" hits="0"/><line number="847" hits="0"/><line number="848" hits="0"/><line number="849" hits="0"/><line number="854" hits="0"/><line number="870" hits="0"/><line number="901" hits="0"/><line number="903" hits="0"/><line number="907" hits="0"/><line number="911" hits="0"/><line number="912" hits="0"/><line number="914" hits="0"/><line number="915" hits="0"/><line number="916" hits="0"/><line number="917" hits="0"/><line number="918" hits="0"/><line number="920" hits="0"/><line number="921" hits="0"/><line number="923" hits="0"/><line number="924" hits="0"/><line number="925" hits="0"/><line number="926" hits="0"/><line number="929" hits="0"/><line number="930" hits="0"/><line number="932" hits="0"/><line number="933" hits="0"/><line number="934" hits="0"/><line number="935" hits="0"/><line number="937" hits="0"/><line number="939" hits="0"/><line number="941" hits="0"/><line number="949" hits="0"/><line number="950" hits="0"/><line number="957" hits="0"/><line number="960" hits="0"/><line number="962" hits="0"/><line number="963" hits="0"/><line number="964" hits="0"/><line number="965" hits="0"/><line number="966" hits="0"/><line number="972" hits="0"/><line number="981" hits="0"/><line number="982" hits="0"/><line number="984" hits="0"/><line number="986" hits="0"/><line number="987" hits="0"/><line number="990" hits="0"/><line number="991" hits="0"/><line number="993" hits="0"/><line number="994" hits="0"/><line number="995" hits="0"/><line number="996" hits="0"/><line number="1002" hits="0"/><line number="1003" hits="0"/><line number="1005" hits="0"/><line number="1009" hits="0"/><line number="1010" hits="0"/><line number="1011" hits="0"/><line number="1012" hits="0"/><line number="1015" hits="0"/><line number="1016" hits="0"/><line number="1017" hits="0"/><line number="1018" hits="0"/><line number="1019" hits="0"/><line number="1022" hits="0"/><line number="1024" hits="0"/><line number="1026" hits="0"/><line number="1027" hits="0"/><line number="1028" hits="0"/><line number="1029" hits="0"/><line number="1031" hits="0"/><line number="1037" hits="0"/><line number="1038" hits="0"/><line number="1040" hits="0"/><line number="1042" hits="0"/><line number="1043" hits="0"/><line number="1045" hits="0"/><line number="1046" hits="0"/><line number="1047" hits="0"/><line number="1048" hits="0"/><line number="1057" hits="26"/><line number="1061" hits="23"/><line number="1064" hits="7"/><line number="1066" hits="57"/><line number="1069" hits="4"/><line number="1070" hits="4"/><line number="1076" hits="7"/><line number="1078" hits="23"/><line number="1081" hits="2"/><line number="1082" hits="2"/><line number="1085" hits="6"/><line number="1087" hits="18"/><line number="1090" hits="2"/><line number="1091" hits="2"/><line number="1096" hits="11"/><line number="1099" hits="3"/><line number="1104" hits="8"/><line number="1105" hits="2"/><line number="1109" hits="10"/><line number="1110" hits="3"/><line number="1111" hits="3"/><line number="1112" hits="3"/><line number="1117" hits="4"/><line number="1118" hits="1"/><line number="1122" hits="4"/><line number="1123" hits="1"/><line number="1125" hits="4"/><line number="1126" hits="1"/><line number="1130" hits="4"/><line number="1131" hits="1"/><line number="1132" hits="1"/><line number="1133" hits="1"/><line number="1137" hits="1"/><line number="1140" hits="1"/><line number="1145" hits="4"/><line number="1146" hits="1"/><line number="1148" hits="6"/><line number="1149" hits="2"/><line number="1153" hits="6"/><line number="1154" hits="2"/><line number="1156" hits="5"/><line number="1157" hits="1"/><line number="1159" hits="4"/><line number="1160" hits="1"/><line number="1163" hits="1"/><line number="1428" hits="10"/><line number="1429" hits="22"/><line number="1430" hits="10"/><line number="1433" hits="21"/><line number="1437" hits="10"/><line number="1440" hits="20"/><line number="1444" hits="10"/><line number="1447" hits="20"/><line number="1451" hits="10"/><line number="1454" hits="20"/><line number="1458" hits="10"/><line number="1461" hits="20"/><line number="1465" hits="10"/><line number="1468" hits="20"/><line number="1472" hits="10"/><line number="1475" hits="20"/><line number="1479" hits="11"/><line number="1482" hits="21"/><line number="1486" hits="11"/><line number="1489" hits="22"/><line number="1493" hits="11"/><line number="1496" hits="22"/></lines></class></classes></package><package name="src/application" line-rate="0.5354609929078015" branch-rate="0" complexity="0"><classes><class name="bootstrapper" filename="src/application/bootstrapper.rs" line-rate="0" branch-rate="0" complexity="0"><methods/><lines><line number="26" hits="0"/><line number="27" hits="0"/><line number="29" hits="0"/><line number="31" hits="0"/><line number="34" hits="0"/><line number="35" hits="0"/><line number="37" hits="0"/><line number="39" hits="0"/><line number="43" hits="0"/><line number="44" hits="0"/><line number="46" hits="0"/><line number="47" hits="0"/><line number="49" hits="0"/><line number="54" hits="0"/><line number="55" hits="0"/><line number="56" hits="0"/><line number="59" hits="0"/><line number="60" hits="0"/><line number="61" hits="0"/><line number="65" hits="0"/><line number="67" hits="0"/><line number="68" hits="0"/><line number="71" hits="0"/><line number="72" hits="0"/><line number="73" hits="0"/><line number="74" hits="0"/><line number="75" hits="0"/><line number="79" hits="0"/><line number="80" hits="0"/><line number="82" hits="0"/><line number="86" hits="0"/><line number="88" hits="0"/><line number="91" hits="0"/><line number="92" hits="0"/><line number="93" hits="0"/><line number="94" hits="0"/><line number="95" hits="0"/><line number="96" hits="0"/><line number="97" hits="0"/><line number="103" hits="0"/><line number="108" hits="0"/><line number="109" hits="0"/><line number="110" hits="0"/><line number="111" hits="0"/><line number="113" hits="0"/><line number="114" hits="0"/><line number="118" hits="0"/><line number="122" hits="0"/><line number="123" hits="0"/><line number="124" hits="0"/><line number="125" hits="0"/><line number="126" hits="0"/><line number="127" hits="0"/><line number="129" hits="0"/><line number="130" hits="0"/><line number="136" hits="0"/><line number="137" hits="0"/><line number="138" hits="0"/><line number="139" hits="0"/><line number="142" hits="0"/><line number="143" hits="0"/><line number="149" hits="0"/><line number="150" hits="0"/><line number="151" hits="0"/><line number="152" hits="0"/><line number="153" hits="0"/><line number="155" hits="0"/><line number="156" hits="0"/><line number="160" hits="0"/><line number="166" hits="0"/><line number="167" hits="0"/><line number="168" hits="0"/><line number="169" hits="0"/><line number="173" hits="0"/><line number="174" hits="0"/><line number="175" hits="0"/><line number="176" hits="0"/><line number="177" hits="0"/><line number="179" hits="0"/><line number="180" hits="0"/><line number="181" hits="0"/><line number="185" hits="0"/><line number="186" hits="0"/><line number="187" hits="0"/><line number="189" hits="0"/><line number="190" hits="0"/><line number="192" hits="0"/></lines></class><class name="database" filename="src/application/database.rs" line-rate="0" branch-rate="0" complexity="0"><methods/><lines><line number="12" hits="0"/><line number="13" hits="0"/><line number="17" hits="0"/><line number="18" hits="0"/><line number="20" hits="0"/><line number="21" hits="0"/><line number="23" hits="0"/><line number="24" hits="0"/><line number="27" hits="0"/><line number="28" hits="0"/><line number="29" hits="0"/><line number="31" hits="0"/><line number="32" hits="0"/><line number="33" hits="0"/><line number="34" hits="0"/><line number="35" hits="0"/><line number="37" hits="0"/><line number="42" hits="0"/><line number="45" hits="0"/><line number="46" hits="0"/><line number="48" hits="0"/><line number="49" hits="0"/><line number="54" hits="0"/><line number="55" hits="0"/><line number="57" hits="0"/><line number="59" hits="0"/><line number="60" hits="0"/><line number="61" hits="0"/><line number="62" hits="0"/><line number="63" hits="0"/><line number="66" hits="0"/><line number="67" hits="0"/></lines></class><class name="error" filename="src/application/error.rs" line-rate="0.6571428571428571" branch-rate="0" complexity="0"><methods/><lines><line number="73" hits="33"/><line number="74" hits="79"/><line number="75" hits="38"/><line number="76" hits="40"/><line number="77" hits="16"/><line number="78" hits="61"/><line number="79" hits="4"/><line number="80" hits="18"/><line number="81" hits="6"/><line number="82" hits="10"/><line number="83" hits="2"/><line number="84" hits="6"/><line number="87" hits="2"/><line number="90" hits="0"/><line number="91" hits="0"/><line number="94" hits="0"/><line number="97" hits="0"/><line number="98" hits="0"/><line number="101" hits="0"/><line number="104" hits="0"/><line number="105" hits="0"/><line number="108" hits="0"/><line number="111" hits="4"/><line number="112" hits="4"/><line number="113" hits="2"/><line number="114" hits="6"/><line number="117" hits="4"/><line number="120" hits="2"/><line number="121" hits="1"/><line number="122" hits="3"/><line number="125" hits="1"/><line number="128" hits="0"/><line number="129" hits="0"/><line number="132" hits="0"/><line number="137" hits="40"/></lines></class><class name="state" filename="src/application/state.rs" line-rate="1" branch-rate="0" complexity="0"><methods/><lines><line number="71" hits="1"/><line number="72" hits="1"/><line number="75" hits="1"/><line number="76" hits="1"/><line number="79" hits="1"/><line number="83" hits="1"/><line number="84" hits="1"/><line number="85" hits="1"/><line number="88" hits="1"/><line number="89" hits="1"/><line number="91" hits="5"/><line number="92" hits="1"/><line number="93" hits="1"/><line number="94" hits="2"/><line number="95" hits="1"/><line number="96" hits="2"/><line number="97" hits="1"/><line number="98" hits="2"/><line number="99" hits="1"/><line number="102" hits="1"/><line number="103" hits="2"/><line number="104" hits="1"/><line number="105" hits="2"/><line number="106" hits="1"/><line number="107" hits="2"/><line number="108" hits="1"/><line number="109" hits="2"/><line number="111" hits="1"/><line number="135" hits="55"/><line number="137" hits="53"/><line number="138" hits="61"/><line number="143" hits="4"/><line number="144" hits="2"/><line number="145" hits="2"/><line number="147" hits="4"/><line number="148" hits="2"/><line number="151" hits="1"/><line number="156" hits="2"/><line number="162" hits="4"/><line number="164" hits="4"/><line number="165" hits="2"/><line number="166" hits="6"/><line number="167" hits="2"/><line number="168" hits="2"/><line number="169" hits="2"/><line number="170" hits="2"/><line number="174" hits="2"/><line number="175" hits="2"/><line number="178" hits="2"/><line number="179" hits="2"/><line number="186" hits="2"/><line number="187" hits="4"/><line number="188" hits="2"/><line number="191" hits="1"/><line number="198" hits="1"/><line number="199" hits="2"/><line number="201" hits="1"/><line number="202" hits="2"/><line number="204" hits="1"/><line number=
[...]
mber="78" hits="165"/><line number="81" hits="12"/><line number="82" hits="6"/><line number="83" hits="6"/><line number="84" hits="8"/></lines></class><class name="m20260128_000002_seed_defaults" filename="src/migrations/m20260128_000002_seed_defaults.rs" line-rate="0.967391304347826" branch-rate="0" complexity="0"><methods/><lines><line number="11" hits="1302"/><line number="12" hits="308"/><line number="15" hits="295"/><line number="18" hits="359"/><line number="21" hits="315"/><line number="23" hits="162"/><line number="26" hits="10"/><line number="28" hits="2"/><line number="32" hits="2081"/><line number="36" hits="461"/><line number="37" hits="160"/><line number="38" hits="0"/><line number="41" hits="151"/><line number="44" hits="149"/><line number="45" hits="158"/><line number="46" hits="148"/><line number="47" hits="164"/><line number="50" hits="468"/><line number="52" hits="312"/><line number="53" hits="313"/><line number="54" hits="171"/><line number="55" hits="149"/><line number="58" hits="564"/><line number="62" hits="942"/><line number="63" hits="322"/><line number="64" hits="136"/><line number="65" hits="676"/><line number="66" hits="332"/><line number="68" hits="1148"/><line number="69" hits="286"/><line number="70" hits="165"/><line number="71" hits="580"/><line number="72" hits="302"/><line number="74" hits="1019"/><line number="75" hits="333"/><line number="76" hits="149"/><line number="77" hits="651"/><line number="78" hits="328"/><line number="81" hits="164"/><line number="107" hits="616"/><line number="109" hits="165"/><line number="110" hits="309"/><line number="113" hits="596"/><line number="117" hits="230"/><line number="124" hits="708"/><line number="126" hits="248"/><line number="127" hits="470"/><line number="130" hits="934"/><line number="134" hits="165"/><line number="135" hits="560"/><line number="137" hits="210"/><line number="138" hits="391"/><line number="141" hits="726"/><line number="145" hits="175"/><line number="151" hits="544"/><line number="153" hits="184"/><line number="154" hits="369"/><line number="157" hits="715"/><line number="161" hits="135"/><line number="170" hits="489"/><line number="172" hits="158"/><line number="173" hits="338"/><line number="176" hits="685"/><line number="179" hits="156"/><line number="182" hits="1045"/><line number="186" hits="648"/><line number="187" hits="177"/><line number="188" hits="0"/><line number="191" hits="230"/><line number="193" hits="178"/><line number="206" hits="649"/><line number="208" hits="414"/><line number="209" hits="414"/><line number="210" hits="413"/><line number="211" hits="180"/><line number="213" hits="717"/><line number="216" hits="112"/><line number="219" hits="758"/><line number="223" hits="478"/><line number="224" hits="151"/><line number="225" hits="0"/><line number="228" hits="170"/><line number="230" hits="150"/><line number="232" hits="504"/><line number="234" hits="330"/><line number="235" hits="328"/><line number="237" hits="155"/><line number="238" hits="175"/><line number="239" hits="155"/><line number="240" hits="174"/><line number="242" hits="618"/><line number="245" hits="146"/></lines></class><class name="m20260129_000001_create_bootstrap_status" filename="src/migrations/m20260129_000001_create_bootstrap_status.rs" line-rate="1" branch-rate="0" complexity="0"><methods/><lines><line number="8" hits="1178"/><line number="10" hits="587"/><line number="12" hits="343"/><line number="13" hits="188"/><line number="14" hits="155"/><line number="15" hits="155"/><line number="16" hits="188"/><line number="17" hits="155"/><line number="18" hits="188"/><line number="19" hits="155"/><line number="20" hits="188"/><line number="22" hits="188"/><line number="23" hits="188"/><line number="24" hits="155"/><line number="25" hits="188"/><line number="26" hits="155"/><line number="28" hits="188"/><line number="29" hits="155"/><line number="30" hits="188"/><line number="31" hits="155"/><line number="33" hits="151"/><line number="34" hits="155"/><line number="35" hits="188"/><line number="36" hits="151"/><line number="37" hits="192"/><line number="39" hits="343"/><line number="40" hits="342"/><line number="41" hits="343"/><line number="42" hits="343"/><line number="43" hits="188"/><line number="45" hits="878"/><line number="48" hits="553"/><line number="50" hits="195"/><line number="51" hits="126"/><line number="52" hits="192"/><line number="53" hits="191"/><line number="54" hits="129"/><line number="55" hits="192"/><line number="56" hits="129"/><line number="57" hits="191"/><line number="58" hits="130"/><line number="60" hits="321"/><line number="61" hits="192"/><line number="62" hits="129"/><line number="63" hits="192"/><line number="64" hits="129"/><line number="66" hits="192"/><line number="67" hits="129"/><line number="68" hits="192"/><line number="69" hits="129"/><line number="71" hits="129"/><line number="73" hits="927"/><line number="75" hits="156"/><line number="78" hits="14"/><line number="79" hits="8"/><line number="80" hits="6"/><line number="81" hits="10"/><line number="82" hits="8"/><line number="83" hits="4"/><line number="84" hits="10"/><line number="85" hits="2"/></lines></class><class name="m20260130_000001_create_vpn_providers" filename="src/migrations/m20260130_000001_create_vpn_providers.rs" line-rate="1" branch-rate="0" complexity="0"><methods/><lines><line number="10" hits="904"/><line number="11" hits="486"/><line number="13" hits="306"/><line number="14" hits="117"/><line number="15" hits="189"/><line number="16" hits="187"/><line number="17" hits="115"/><line number="18" hits="187"/><line number="19" hits="116"/><line number="20" hits="187"/><line number="21" hits="116"/><line number="23" hits="303"/><line number="24" hits="188"/><line number="25" hits="116"/><line number="26" hits="186"/><line number="27" hits="115"/><line number="29" hits="188"/><line number="30" hits="115"/><line number="31" hits="188"/><line number="32" hits="115"/><line number="34" hits="188"/><line number="35" hits="115"/><line number="36" hits="188"/><line number="37" hits="115"/><line number="39" hits="116"/><line number="40" hits="115"/><line number="41" hits="188"/><line number="42" hits="115"/><line number="43" hits="187"/><line number="45" hits="190"/><line number="46" hits="187"/><line number="47" hits="116"/><line number="48" hits="187"/><line number="49" hits="114"/><line number="51" hits="117"/><line number="52" hits="115"/><line number="53" hits="190"/><line number="54" hits="114"/><line number="55" hits="189"/><line number="57" hits="114"/><line number="58" hits="190"/><line number="59" hits="114"/><line number="60" hits="186"/><line number="62" hits="117"/><line number="63" hits="186"/><line number="64" hits="114"/><line number="65" hits="183"/><line number="67" hits="183"/><line number="69" hits="563"/><line number="72" hits="12"/><line number="73" hits="6"/><line number="75" hits="4"/><line number="76" hits="2"/><line number="77" hits="2"/><line number="78" hits="2"/><line number="80" hits="8"/></lines></class><class name="m20260130_000002_create_app_vpn_configs" filename="src/migrations/m20260130_000002_create_app_vpn_configs.rs" line-rate="1" branch-rate="0" complexity="0"><methods/><lines><line number="10" hits="883"/><line number="11" hits="402"/><line number="13" hits="300"/><line number="14" hits="164"/><line number="15" hits="136"/><line number="16" hits="165"/><line number="17" hits="164"/><line number="18" hits="136"/><line number="19" hits="164"/><line number="20" hits="135"/><line number="22" hits="165"/><line number="23" hits="135"/><line number="24" hits="165"/><line number="25" hits="135"/><line number="27" hits="165"/><line number="28" hits="135"/><line number="29" hits="165"/><line number="30" hits="135"/><line number="32" hits="166"/><line number="33" hits="134"/><line number="34" hits="166"/><line number="35" hits="134"/><line number="37" hits="165"/><line number="38" hits="133"/><line number="39" hits="165"/><line number="40" hits="135"/><line number="42" hits="165"/><line number="43" hits="135"/><line number="44" hits="165"/><line number="45" hits="135"/><line number="46" hits="165"/><line number="47" hits="135"/><line number="49" hits="135"/><line number="51" hits="637"/><line number="54" hits="12"/><line number="55" hits="6"/><line number="57" hits="4"/><line number="58" hits="2"/><line number="59" hits="2"/><line number="60" hits="2"/><line number="62" hits="8"/></lines></class><class name="m20260131_000001_add_port_forwarding" filename="src/migrations/m20260131_000001_add_port_forwarding.rs" line-rate="1" branch-rate="0" complexity="0"><methods/><lines><line number="10" hits="910"/><line number="11" hits="412"/><line number="13" hits="300"/><line number="14" hits="153"/><line number="15" hits="147"/><line number="16" hits="147"/><line number="17" hits="153"/><line number="18" hits="147"/><line number="19" hits="153"/><line number="21" hits="153"/><line number="23" hits="566"/><line number="26" hits="8"/><line number="27" hits="4"/><line number="29" hits="2"/><line number="30" hits="1"/><line number="31" hits="1"/><line number="32" hits="1"/><line number="34" hits="5"/></lines></class><class name="m20260219_000001_create_two_factor_recovery_codes" filename="src/migrations/m20260219_000001_create_two_factor_recovery_codes.rs" line-rate="1" branch-rate="0" complexity="0"><methods/><lines><line number="12" hits="1135"/><line number="13" hits="639"/><line number="15" hits="328"/><line number="16" hits="162"/><line number="17" hits="166"/><line number="18" hits="166"/><line number="19" hits="162"/><line number="20" hits="166"/><line number="21" hits="162"/><line number="22" hits="166"/><line number="23" hits="162"/><line number="25" hits="166"/><line number="26" hits="162"/><line number="27" hits="166"/><line number="28" hits="162"/><line number="30" hits="166"/><line number="31" hits="162"/><line number="32" hits="166"/><line number="33" hits="162"/><line number="35" hits="166"/><line number="36" hits="162"/><line number="37" hits="166"/><line number="38" hits="162"/><line number="40" hits="166"/><line number="41" hits="162"/><line number="42" hits="166"/><line number="43" hits="162"/><line number="45" hits="163"/><line number="46" hits="162"/><line number="47" hits="169"/><line number="51" hits="163"/><line number="52" hits="169"/><line number="54" hits="169"/><line number="56" hits="842"/><line number="58" hits="566"/><line number="60" hits="174"/><line number="61" hits="154"/><line number="62" hits="174"/><line number="63" hits="154"/><line number="64" hits="174"/><line number="65" hits="154"/><line number="67" hits="894"/><line number="69" hits="136"/><line number="72" hits="6"/><line number="73" hits="3"/><line number="75" hits="2"/><line number="76" hits="1"/><line number="77" hits="1"/><line number="78" hits="1"/><line number="80" hits="4"/></lines></class><class name="m20260221_000001_create_cloudflare_tunnels" filename="src/migrations/m20260221_000001_create_cloudflare_tunnels.rs" line-rate="1" branch-rate="0" complexity="0"><methods/><lines><line number="10" hits="935"/><line number="11" hits="488"/><line number="13" hits="312"/><line number="14" hits="131"/><line number="15" hits="181"/><line number="16" hits="180"/><line number="17" hits="131"/><line number="18" hits="181"/><line number="19" hits="131"/><line number="20" hits="181"/><line number="21" hits="131"/><line number="23" hits="312"/><line number="24" hits="180"/><line number="25" hits="133"/><line number="26" hits="181"/><line number="27" hits="133"/><line number="29" hits="135"/><line number="30" hits="134"/><line number="31" hits="180"/><line number="32" hits="134"/><line number="33" hits="180"/><line number="35" hits="316"/><line number="36" hits="135"/><line number="37" hits="180"/><line number="38" hits="136"/><line number="39" hits="180"/><line number="41" hits="134"/><line number="42" hits="181"/><line number="43" hits="134"/><line number="44" hits="182"/><line number="46" hits="182"/><line number="48" hits="608"/><line number="51" hits="7"/><line number="52" hits="3"/><line number="54" hits="2"/><line number="55" hits="1"/><line number="56" hits="1"/><line number="57" hits="1"/><line number="59" hits="4"/></lines></class><class name="m20260221_000002_add_cloudflare_api_fields" filename="src/migrations/m20260221_000002_add_cloudflare_api_fields.rs" line-rate="1" branch-rate="0" complexity="0"><methods/><lines><line number="22" hits="1078"/><line number="24" hits="632"/><line number="25" hits="625"/><line number="27" hits="316"/><line number="28" hits="172"/><line number="29" hits="144"/><line number="30" hits="172"/><line number="32" hits="898"/><line number="34" hits="229"/><line number="37" hits="12"/><line number="38" hits="8"/><line number="39" hits="7"/><line number="41" hits="4"/><line number="42" hits="1"/><line number="43" hits="1"/><line number="44" hits="1"/><line number="46" hits="8"/><line number="48" hits="2"/></lines></class><class name="mod" filename="src/migrations/mod.rs" line-rate="1" branch-rate="0" complexity="0"><methods/><lines><line number="34" hits="93"/><line number="35" hits="221"/><line number="36" hits="196"/><line number="37" hits="233"/><line number="38" hits="249"/><line number="39" hits="244"/><line number="40" hits="267"/><line number="41" hits="273"/><line number="42" hits="280"/><line number="43" hits="281"/><line number="44" hits="283"/><line number="45" hits="284"/><line number="46" hits="281"/><line number="47" hits="291"/><line number="48" hits="293"/><line number="49" hits="293"/><line number="50" hits="294"/><line number="51" hits="285"/><line number="52" hits="280"/><line number="53" hits="285"/><line number="54" hits="280"/><line number="55" hits="293"/><line number="56" hits="292"/><line number="57" hits="296"/><line number="58" hits="295"/><line number="59" hits="296"/><line number="60" hits="292"/><line number="61" hits="160"/></lines></class></classes></package><package name="src/application/config" line-rate="1" branch-rate="0" complexity="0"><classes><class name="auth" filename="src/application/config/auth.rs" line-rate="1" branch-rate="0" complexity="0"><methods/><lines><line number="10" hits="38"/><line number="12" hits="43"/><line number="15" hits="38"/></lines></class><class name="charts" filename="src/application/config/charts.rs" line-rate="1" branch-rate="0" complexity="0"><methods/><lines><line number="14" hits="39"/><line number="16" hits="44"/><line number="19" hits="39"/><line number="21" hits="44"/><line number="23" hits="39"/><line number="27" hits="127"/></lines></class><class name="database" filename="src/application/config/database.rs" line-rate="1" branch-rate="0" complexity="0"><methods/><lines><line number="9" hits="37"/><line number="11" hits="42"/></lines></class><class name="kubernetes" filename="src/application/config/kubernetes.rs" line-rate="1" branch-rate="0" complexity="0"><methods/><lines><line number="12" hits="44"/><line number="14" hits="39"/><line number="15" hits="44"/><line number="18" hits="39"/></lines></class><class name="mod" filename="src/application/config/mod.rs" line-rate="1" branch-rate="0" complexity="0"><methods/><lines><line number="34" hits="35"/><line number="36" hits="40"/><line number="37" hits="40"/><line number="38" hits="35"/><line number="39" hits="40"/><line number="40" hits="40"/><line number="43" hits="150"/><line number="44" hits="150"/><line number="45" hits="35"/><line number="46" hits="150"/><line number="49" hits="150"/><line number="52" hits="115"/></lines></class><class name="server" filename="src/application/config/server.rs" line-rate="1" branch-rate="0" complexity="0"><methods/><lines><line number="10" hits="38"/><line number="12" hits="124"/><line number="13" hits="38"/></lines></class></classes></package><package name="src/middleware" line-rate="0.8951612903225806" branch-rate="0" complexity="0"><classes><class name="auth" filename="src/middleware/auth.rs" line-rate="0.9313725490196079" branch-rate="0" complexity="0"><methods/><lines><line number="40" hits="75"/><line number="41" hits="75"/><line number="45" hits="1"/><line number="47" hits="2"/><line number="48" hits="1"/><line number="56" hits="285"/><line number="57" hits="78"/><line number="60" hits="38"/><line number="61" hits="0"/><line number="65" hits="70"/><line number="66" hits="93"/><line number="68" hits="24"/><line number="73" hits="300"/><line number="74" hits="97"/><line number="75" hits="0"/><line number="76" hits="0"/><line number="81" hits="189"/><line number="83" hits="215"/><line number="87" hits="37"/><line number="88" hits="34"/><line number="89" hits="117"/><line number="92" hits="89"/><line number="93" hits="108"/><line number="95" hits="95"/><line number="97" hits="197"/><line number="98" hits="213"/><line number="101" hits="209"/><line number="102" hits="4"/><line number="105" hits="214"/><line number="106" hits="103"/><line number="107" hits="216"/><line number="108" hits="216"/><line number="109" hits="73"/><line number="114" hits="328"/><line number="116" hits="223"/><line number="117" hits="76"/><line number="124" hits="93"/><line number="125" hits="71"/><line number="126" hits="45"/><line number="127" hits="71"/><line number="130" hits="2"/><line number="131" hits="1"/><line number="136" hits="74"/><line number="141" hits="728"/><line number="143" hits="159"/><line number="147" hits="559"/><line number="149" hits="239"/><line number="150" hits="89"/><line number="153" hits="691"/><line number="154" hits="125"/><line number="155" hits="362"/><line number="156" hits="95"/><line number="157" hits="94"/><line number="160" hits="93"/><line number="161" hits="0"/><line number="165" hits="214"/><line number="166" hits="0"/><line number="170" hits="1046"/><line number="171" hits="246"/><line number="172" hits="185"/><line number="173" hits="122"/><line number="174" hits="364"/><line number="175" hits="88"/><line number="176" hits="87"/><line number="179" hits="215"/><line number="180" hits="213"/><line number="181" hits="390"/><line number="182" hits="311"/><line number="183" hits="70"/><line number="184" hits="73"/><line number="185" hits="188"/><line number="186" hits="120"/><line number="188" hits="199"/><line number="193" hits="238"/><line number="195" hits="85"/><line number="199" hits="666"/><line number="201" hits="206"/><line number="202" hits="82"/><line number="203" hits="0"/><line number="207" hits="515"/><line number="208" hits="153"/><line number="209" hits="121"/><line number="210" hits="383"/><line number="213" hits="380"/><line number="215" hits="188"/><line number="216" hits="0"/><line number="220" hits="562"/><line number="221" hits="155"/><line number="222" hits="118"/><line number="223" hits="333"/><line number="226" hits="381"/><line number="229" hits="438"/><line number="230" hits="218"/><line number="231" hits="79"/><line number="232" hits="416"/><line number="235" hits="193"/><line number="236" hits="49"/><line number="240" hits="82"/><line number="241" hits="82"/><line number="242" hits="95"/><line number="246" hits="32"/><line number="249" hits="28"/></lines></class><class name="permissions" filename="src/middleware/permissions.rs" line-rate="0.7272727272727273" branch-rate="0" complexity="0"><methods/><lines><line number="36" hits="0"/><line number="145" hits="3"/><line number="146" hits="0"/><line number="150" hits="5"/><line number="151" hits="5"/><line number="162" hits="356"/><line number="164" hits="181"/><line number="165" hits="0"/><line number="167" hits="93"/><line number="170" hits="92"/><line number="171" hits="51"/><line number="172" hits="0"/><line number="173" hits="0"/><line number="177" hits="163"/><line number="190" hits="2"/><line number="195" hits="8"/><line number="196" hits="9"/><line number="206" hits="54"/><line number="207" hits="22"/><line number="208" hits="0"/><line number="210" hits="16"/><line number="212" hits="16"/></lines></class></classes></package></packages></coverage>